  336  rm -r server_lesson
  337  ls
  338  cd ..
  339  ls
  340  pwd
  341  mkdir server_lesson/linux_practice2/trash 
  342  mkdir trash
  343  ls
  344  cd /vagrant
  345  pwd
  346  cd /server_lesson
  347  ls
  348  cd server_lesson
  349  ls
  350  mv ./linux_practice2/documents/gizumo{20..40}.md ./linux_practice2/trash
  351  ls
  352  cd linux_practice2
  353  ls
  354  cd documents
  355  ls
  356  cd ..
  357  ls
  358  cd trash
  359  ls
  360  cd ..
  361  ls
  362  pwd
  363  touch .gitignore
  364  vi .gitignore
  365  ls
  366  pwd
  367  history -w exec_command.log
  368  ls
  369  cd ..
  370  ls
  371  cd ..
  372  ls
  373  cd /linux_practice2
  374  cd server_lesson
  375  ls
  376  cd linux_practice2
  377  ls
  378  ls 
  379  cd exec_command.log
  380  history 300 -w exec_command.log
  381  rmγ€€exec_command.log
  382  rmγ€€
  383  rm exec_command.log
  384  ls
  385  touch .gitignore
  386  ls
  387  ls -a
  388  ..gitignore
  389  cd .gitignore
  390  ls
  391  history 300
  392  history -w exec_command.log
  393  git status
  394  git add
  395  git log
  396  git add .
  397  git status
  398  git reset HEAD
  399  git status
  400  vi ..gitignore
  401  ls
  402  ls -a
  403  rm ..gitignore
  404  ls -a
  405  vi .gitignore
  406  git statys
  407  git status
  408  git add .
  409  git status
  410  use "git reset HEAD <file>..." to unstage)
  411  ls
  412  git status
  413  git reset HEAD
  414  git status
  415  vi .gitignore
  416  git add
  417  git add .
  418  git status
  419  git reset HEAD
  420  vi .gitignore
  421  git add .
  422  git status
  423  git reset HEAD
  424  git rm -r --cached linux_practice2
  425  ls
  426  cd ..
  427  ls
  428  git rm -r --cached linux_practice2
  429  git rm -r --cached .
  430  git status
  431  git add .
  432  git status
  433  git reset HEAD
  434  git status
  435  pwd
  436  cd server_lesson
  437  ls
  438  cd linux_practice2
  439  ls
  440  cd trash
  441  ls
  442  vi .gitignore
  443  rm .gitignore
  444  ls -a
  445  cd ..
  446  cd
  447  ls
  448  cd .
  449  ls
  450  cd ..
  451  ls
  452  cd vagrant
  453  ls
  454  cd remi-release-7.rpm
  455  cd .rpm
  456  ls
  457  ls /server_lesson
  458  ls
  459  cd remi-release-7.rpm
  460  cd ..
  461  ls
  462  cd ..
  463  ls
  464  cd ..
  465  ls
  466  cd vagrant
  467  ls
  468  cd server_lesson
  469  ls
  470  cd linux_practice2
  471  ls
  472  ls -a
  473  vi .gitignore
  474  ls -a
  475  git status
  476  git add .
  477  git status
  478  git reset HEAD
  479  vi gitignore
  480  rm gitignore
  481  vi .gitignore
  482  git status
  483  git add .
  484  git status
  485  git reset HEAD
  486  vi .gitignore
  487  git add .
  488  git status
  489  git reset HEAD
  490  vi .gitignore
  491  git add
  492  git add .
  493  git status
  494  git reset HEAD
  495  vi gitignore
  496  rm gitignore
  497  vi .gitignore
  498  git add .
  499  git status
  500  git reset HADE
  501  git status
  502  git reset HEAD
  503  vi .gitignore
  504  git add .
  505  git status
  506  git reset HEAD
  507  git rm -r --cached .
  508  git status
  509  git add .
  510  git status
  511  git reset HEAD
  512  git status
  513  vi .gitignore
  514  git add .
  515  git status
  516  git reset HEAD
  517  vi .gitignore
  518  git add .
  519  git status
  520  git reset HEAD
  521  vi .gitignore
  522  git add .
  523  git status
  524  rm exec_command.log
  525  ls
  526  history 300
  527  history 300 > exec_command.log
  528  ls
  529  git status
  530  git reset HEAD
  531  git add .
  532  git status
  533  ls
  534  git commmit -m linux_practice2δ»¥/γƒ‡γ‚£γƒ¬γ‚―γƒγƒγγ€γƒ•γ‚΅γ‚¤γƒ«γ®θΏ½ε 
  535  git commit -m linux_practice2/γƒ‡γ‚£γƒ¬γ‚―γƒγƒγ€γƒ•γ‚΅γ‚¤γƒ«γ®θΏ½ε 
  536  git status
  537  git push origin master
  538  ls
  539  cd .
  540  ls
  541  cd ..
  542  ls
  543  ls -a
  544  rm .README.md.swp
  545  ls -a
  546  git status
  547  git add .
  548  git status
  549  git add .README.md.swp
  550  git add
  551  git reset --hard HEAD^
  552  git push origin +master
  553  linux_practicels
  554  ls
  555  ls -a
  556  git rm .README.md.swp
  557  ls -a
  558  git status
  559  git add .
  560  git status
  561  git reset HEAD
  562  git status
  563  git add .README.md.swp
  564  git add/rm .README.md.swp
  565  git log
  566  ls
  567  cd linux_practice2
  568  ls
  569  ls -a
  570  rm trash
  571  ls
  572  rm -r trash
  573  ls
  574  git add .
  575  git status
  576  git commit -m .README.md.swpγ®ε‰ι™¤
  577  git stastus
  578  git status
  579  git add .
  580  git commit -a
  581  git push origin master
  582  las
  583  ls
  584  cd ..
  585  ls
  586  ls -a
  587  mkdir documents
  588  ls
  589  rm -r documents
  590  ls
  591  cd linux_practice2
  592  mkdir documents
  593  touch gizumo{01..50}.md
  594  ls
  595  rm gizumo{01..50}.md
  596  ls
  597  cd documents
  598  touch gizumo{01..50}.md
  599  ls
  600  cd ..
  601  ls
  602  mkdir trash
  603  ls
  604  cd mv server_lesson/linux_practice2/documents/gizumo{20..40}.md server_lesson/linux_practice2/trash 
  605  mv server_lesson/linux_practice2/documents/gizumo{20..40}.md server_lesson/linux_practice2/trash 
  606  mv documents/gizumo{20..40}.md trash 
  607  ls
  608  cd 
  609  ls
  610  cd ..
  611  ls
  612  cd vagrant
  613  ls
  614  cd vagrant
  615  ls
  616  cd ..
  617  ls
  618  cd ..
  619  ls
  620  cd vagrant
  621  ls
  622  cd server_lesson
  623  ls
  624  cd linux_practice2
  625  ls
  626  cd documents
  627  ls
  628  cd ..
  629  cd trash
  630  ls
  631  cd ..
  632  ls
  633  touch .gitignore
  634  vi .gitignore
  635  history 300 > exec_command.log
